<?xml version="1.0" encoding="UTF-8"?>
<coverage generated="1764562351023" clover="3.2.0">
  <project timestamp="1764562351023" name="All files">
    <metrics statements="49" coveredstatements="49" conditionals="12" coveredconditionals="12" methods="5" coveredmethods="5" elements="66" coveredelements="66" complexity="0" loc="49" ncloc="49" packages="1" files="1" classes="1"/>
    <file name="authController.js" path="C:\Users\jorge_1dr5m1r\Programacion\Pruebas de software\Run-App-Backend-main\controllers\authController.js">
      <metrics statements="49" coveredstatements="49" conditionals="12" coveredconditionals="12" methods="5" coveredmethods="5"/>
      <line num="9" count="1" type="stmt"/>
      <line num="10" count="4" type="stmt"/>
      <line num="13" count="4" type="cond" truecount="4" falsecount="0"/>
      <line num="14" count="1" type="stmt"/>
      <line num="20" count="3" type="stmt"/>
      <line num="22" count="3" type="stmt"/>
      <line num="29" count="3" type="stmt"/>
      <line num="30" count="3" type="stmt"/>
      <line num="31" count="1" type="stmt"/>
      <line num="43" count="2" type="cond" truecount="2" falsecount="0"/>
      <line num="44" count="1" type="stmt"/>
      <line num="45" count="1" type="stmt"/>
      <line num="50" count="1" type="stmt"/>
      <line num="55" count="1" type="stmt"/>
      <line num="56" count="4" type="stmt"/>
      <line num="57" count="4" type="stmt"/>
      <line num="59" count="4" type="stmt"/>
      <line num="61" count="3" type="cond" truecount="2" falsecount="0"/>
      <line num="62" count="1" type="stmt"/>
      <line num="65" count="2" type="stmt"/>
      <line num="66" count="2" type="cond" truecount="2" falsecount="0"/>
      <line num="67" count="1" type="stmt"/>
      <line num="70" count="1" type="stmt"/>
      <line num="78" count="1" type="stmt"/>
      <line num="79" count="1" type="stmt"/>
      <line num="82" count="1" type="stmt"/>
      <line num="94" count="1" type="stmt"/>
      <line num="99" count="1" type="stmt"/>
      <line num="100" count="3" type="stmt"/>
      <line num="101" count="3" type="stmt"/>
      <line num="102" count="2" type="cond" truecount="2" falsecount="0"/>
      <line num="103" count="1" type="stmt"/>
      <line num="104" count="1" type="stmt"/>
      <line num="105" count="1" type="stmt"/>
      <line num="106" count="1" type="stmt"/>
      <line num="115" count="1" type="stmt"/>
      <line num="117" count="1" type="stmt"/>
      <line num="118" count="1" type="stmt"/>
      <line num="126" count="1" type="stmt"/>
      <line num="127" count="1" type="stmt"/>
      <line num="128" count="1" type="stmt"/>
      <line num="129" count="1" type="stmt"/>
      <line num="131" count="1" type="stmt"/>
      <line num="140" count="1" type="stmt"/>
      <line num="145" count="1" type="stmt"/>
      <line num="146" count="2" type="stmt"/>
      <line num="148" count="2" type="stmt"/>
      <line num="150" count="1" type="stmt"/>
      <line num="153" count="1" type="stmt"/>
    </file>
  </project>
</coverage>
