{"C:\\Users\\jorge_1dr5m1r\\Programacion\\Pruebas de software\\Run-App-Backend-main\\controllers\\authController.js": {"path":"C:\\Users\\jorge_1dr5m1r\\Programacion\\Pruebas de software\\Run-App-Backend-main\\controllers\\authController.js","statementMap":{"0":{"start":{"line":9,"column":22},"end":{"line":52,"column":2}},"1":{"start":{"line":10,"column":46},"end":{"line":10,"column":54}},"2":{"start":{"line":13,"column":2},"end":{"line":18,"column":3}},"3":{"start":{"line":14,"column":4},"end":{"line":17,"column":7}},"4":{"start":{"line":20,"column":25},"end":{"line":20,"column":56}},"5":{"start":{"line":22,"column":18},"end":{"line":27,"column":4}},"6":{"start":{"line":29,"column":2},"end":{"line":51,"column":3}},"7":{"start":{"line":30,"column":4},"end":{"line":30,"column":25}},"8":{"start":{"line":31,"column":4},"end":{"line":40,"column":7}},"9":{"start":{"line":43,"column":4},"end":{"line":49,"column":5}},"10":{"start":{"line":44,"column":31},"end":{"line":44,"column":82}},"11":{"start":{"line":44,"column":70},"end":{"line":44,"column":81}},"12":{"start":{"line":45,"column":6},"end":{"line":48,"column":9}},"13":{"start":{"line":50,"column":4},"end":{"line":50,"column":16}},"14":{"start":{"line":55,"column":22},"end":{"line":96,"column":2}},"15":{"start":{"line":56,"column":30},"end":{"line":56,"column":38}},"16":{"start":{"line":57,"column":2},"end":{"line":95,"column":3}},"17":{"start":{"line":59,"column":22},"end":{"line":59,"column":71}},"18":{"start":{"line":61,"column":4},"end":{"line":63,"column":5}},"19":{"start":{"line":62,"column":6},"end":{"line":62,"column":55}},"20":{"start":{"line":65,"column":28},"end":{"line":65,"column":78}},"21":{"start":{"line":66,"column":4},"end":{"line":68,"column":5}},"22":{"start":{"line":67,"column":6},"end":{"line":67,"column":59}},"23":{"start":{"line":70,"column":18},"end":{"line":75,"column":5}},"24":{"start":{"line":78,"column":17},"end":{"line":78,"column":37}},"25":{"start":{"line":79,"column":4},"end":{"line":79,"column":25}},"26":{"start":{"line":82,"column":4},"end":{"line":92,"column":9}},"27":{"start":{"line":94,"column":4},"end":{"line":94,"column":16}},"28":{"start":{"line":99,"column":22},"end":{"line":142,"column":2}},"29":{"start":{"line":100,"column":2},"end":{"line":141,"column":3}},"30":{"start":{"line":101,"column":17},"end":{"line":101,"column":62}},"31":{"start":{"line":102,"column":4},"end":{"line":138,"column":5}},"32":{"start":{"line":103,"column":20},"end":{"line":103,"column":70}},"33":{"start":{"line":104,"column":19},"end":{"line":104,"column":34}},"34":{"start":{"line":105,"column":6},"end":{"line":105,"column":27}},"35":{"start":{"line":106,"column":6},"end":{"line":112,"column":20}},"36":{"start":{"line":115,"column":8},"end":{"line":116,"column":44}},"37":{"start":{"line":117,"column":29},"end":{"line":117,"column":69}},"38":{"start":{"line":118,"column":22},"end":{"line":125,"column":8}},"39":{"start":{"line":126,"column":6},"end":{"line":126,"column":27}},"40":{"start":{"line":127,"column":20},"end":{"line":127,"column":73}},"41":{"start":{"line":128,"column":19},"end":{"line":128,"column":37}},"42":{"start":{"line":129,"column":6},"end":{"line":129,"column":27}},"43":{"start":{"line":131,"column":6},"end":{"line":137,"column":20}},"44":{"start":{"line":140,"column":4},"end":{"line":140,"column":16}},"45":{"start":{"line":145,"column":23},"end":{"line":155,"column":2}},"46":{"start":{"line":146,"column":2},"end":{"line":154,"column":3}},"47":{"start":{"line":148,"column":4},"end":{"line":148,"column":36}},"48":{"start":{"line":150,"column":4},"end":{"line":150,"column":57}},"49":{"start":{"line":153,"column":4},"end":{"line":153,"column":16}}},"fnMap":{"0":{"name":"(anonymous_0)","decl":{"start":{"line":9,"column":35},"end":{"line":9,"column":36}},"loc":{"start":{"line":9,"column":61},"end":{"line":52,"column":1}},"line":9},"1":{"name":"(anonymous_1)","decl":{"start":{"line":44,"column":63},"end":{"line":44,"column":64}},"loc":{"start":{"line":44,"column":70},"end":{"line":44,"column":81}},"line":44},"2":{"name":"(anonymous_2)","decl":{"start":{"line":55,"column":35},"end":{"line":55,"column":36}},"loc":{"start":{"line":55,"column":61},"end":{"line":96,"column":1}},"line":55},"3":{"name":"(anonymous_3)","decl":{"start":{"line":99,"column":35},"end":{"line":99,"column":36}},"loc":{"start":{"line":99,"column":61},"end":{"line":142,"column":1}},"line":99},"4":{"name":"(anonymous_4)","decl":{"start":{"line":145,"column":36},"end":{"line":145,"column":37}},"loc":{"start":{"line":145,"column":62},"end":{"line":155,"column":1}},"line":145}},"branchMap":{"0":{"loc":{"start":{"line":13,"column":2},"end":{"line":18,"column":3}},"type":"if","locations":[{"start":{"line":13,"column":2},"end":{"line":18,"column":3}},{"start":{},"end":{}}],"line":13},"1":{"loc":{"start":{"line":13,"column":6},"end":{"line":13,"column":56}},"type":"binary-expr","locations":[{"start":{"line":13,"column":6},"end":{"line":13,"column":10}},{"start":{"line":13,"column":14},"end":{"line":13,"column":56}}],"line":13},"2":{"loc":{"start":{"line":43,"column":4},"end":{"line":49,"column":5}},"type":"if","locations":[{"start":{"line":43,"column":4},"end":{"line":49,"column":5}},{"start":{},"end":{}}],"line":43},"3":{"loc":{"start":{"line":61,"column":4},"end":{"line":63,"column":5}},"type":"if","locations":[{"start":{"line":61,"column":4},"end":{"line":63,"column":5}},{"start":{},"end":{}}],"line":61},"4":{"loc":{"start":{"line":66,"column":4},"end":{"line":68,"column":5}},"type":"if","locations":[{"start":{"line":66,"column":4},"end":{"line":68,"column":5}},{"start":{},"end":{}}],"line":66},"5":{"loc":{"start":{"line":102,"column":4},"end":{"line":138,"column":5}},"type":"if","locations":[{"start":{"line":102,"column":4},"end":{"line":138,"column":5}},{"start":{"line":113,"column":11},"end":{"line":138,"column":5}}],"line":102}},"s":{"0":1,"1":4,"2":4,"3":1,"4":3,"5":3,"6":3,"7":3,"8":1,"9":2,"10":1,"11":1,"12":1,"13":1,"14":1,"15":4,"16":4,"17":4,"18":3,"19":1,"20":2,"21":2,"22":1,"23":1,"24":1,"25":1,"26":1,"27":1,"28":1,"29":3,"30":3,"31":2,"32":1,"33":1,"34":1,"35":1,"36":1,"37":1,"38":1,"39":1,"40":1,"41":1,"42":1,"43":1,"44":1,"45":1,"46":2,"47":2,"48":1,"49":1},"f":{"0":4,"1":1,"2":4,"3":3,"4":2},"b":{"0":[1,3],"1":[4,4],"2":[1,1],"3":[1,2],"4":[1,1],"5":[1,1]},"_coverageSchema":"1a1c01bbd47fc00a2c39e90264f33305004495a9","hash":"7cdc7961628f4c7a0c7b6f4a6c9811c33d515396"}
}
