TN:
SF:controllers\authController.js
FN:9,(anonymous_0)
FN:44,(anonymous_1)
FN:55,(anonymous_2)
FN:99,(anonymous_3)
FN:145,(anonymous_4)
FNF:5
FNH:5
FNDA:4,(anonymous_0)
FNDA:1,(anonymous_1)
FNDA:4,(anonymous_2)
FNDA:3,(anonymous_3)
FNDA:2,(anonymous_4)
DA:9,1
DA:10,4
DA:13,4
DA:14,1
DA:20,3
DA:22,3
DA:29,3
DA:30,3
DA:31,1
DA:43,2
DA:44,1
DA:45,1
DA:50,1
DA:55,1
DA:56,4
DA:57,4
DA:59,4
DA:61,3
DA:62,1
DA:65,2
DA:66,2
DA:67,1
DA:70,1
DA:78,1
DA:79,1
DA:82,1
DA:94,1
DA:99,1
DA:100,3
DA:101,3
DA:102,2
DA:103,1
DA:104,1
DA:105,1
DA:106,1
DA:115,1
DA:117,1
DA:118,1
DA:126,1
DA:127,1
DA:128,1
DA:129,1
DA:131,1
DA:140,1
DA:145,1
DA:146,2
DA:148,2
DA:150,1
DA:153,1
LF:49
LH:49
BRDA:13,0,0,1
BRDA:13,0,1,3
BRDA:13,1,0,4
BRDA:13,1,1,4
BRDA:43,2,0,1
BRDA:43,2,1,1
BRDA:61,3,0,1
BRDA:61,3,1,2
BRDA:66,4,0,1
BRDA:66,4,1,1
BRDA:102,5,0,1
BRDA:102,5,1,1
BRF:12
BRH:12
end_of_record
